IQ-TREE multicore version 1.6.12 for Linux 64-bit built Aug 15 2019
Developed by Bui Quang Minh, Nguyen Lam Tung, Olga Chernomor,
Heiko Schmidt, Dominik Schrempf, Michael Woodhams.

Host:    william-f-chaparro-pico (AVX512, FMA3, 15 GB RAM)
Command: iqtree -s /home/usuario/Desktop/Analisis_Final/Secuencias del artículo/Outgroup/alineamiento_outgroup_SI.fasta -m MFP
Seed:    195523 (Using SPRNG - Scalable Parallel Random Number Generator)
Time:    Tue Dec  5 16:39:25 2023
Kernel:  AVX+FMA - 1 threads (12 CPU cores detected)

HINT: Use -nt option to specify number of threads because your CPU has 12 cores!
HINT: -nt AUTO will automatically determine the best number of threads to use.

Reading alignment file /home/usuario/Desktop/Analisis_Final/Secuencias del artículo/Outgroup/alineamiento_outgroup_SI.fasta ... Fasta format detected
Alignment most likely contains DNA/RNA sequences
Alignment has 52 sequences with 367 columns, 101 distinct patterns
87 parsimony-informative, 35 singleton sites, 245 constant sites
WARNING: Some sequence names are changed as follows:
NC_028302.1_León -> NC_028302.1_Le__n
MG230232.1_Nariño_Cat -> MG230232.1_Nari__o_Cat

                        Gap/Ambiguity  Composition  p-value
   1  NC_028302.1_Le__n         0.27%    passed     94.37%
   2  MG230196.1                0.82%    passed     99.76%
   3  MG230198.1                0.82%    passed     99.76%
   4  MG230209.1                0.82%    passed     99.76%
   5  MG230216.1                0.82%    passed     99.76%
   6  MG230225.1                0.82%    passed     99.76%
   7  MG230243.1                0.82%    passed     99.76%
   8  MG230244.1                0.82%    passed     99.76%
   9  MG230199.1                0.82%    passed     99.99%
  10  MG230226.1                0.82%    passed     99.55%
  11  MG230245.1                0.82%    passed     99.55%
  12  MG230202.1                0.82%    passed     99.93%
  13  MG230197.1                0.82%    passed     99.86%
  14  MG230201.1                0.82%    passed     99.86%
  15  MG230204.1                0.82%    passed     99.86%
  16  MG230206.1                0.82%    passed     99.86%
  17  MG230210.1                0.82%    passed     99.86%
  18  MG230213.1                0.82%    passed     99.86%
  19  MG230218.1                0.82%    passed     99.86%
  20  MG230241.1                0.82%    passed     99.86%
  21  MG230238.1                0.82%    passed     99.99%
  22  MG230239.1                0.82%    passed     99.99%
  23  MG230240.1                0.82%    passed     99.99%
  24  MG230207.1                0.82%    passed     99.76%
  25  MG230208.1                0.82%    passed     99.76%
  26  MG230214.1                0.82%    passed     99.76%
  27  MG230215.1                0.82%    passed     99.76%
  28  MG230242.1                0.82%    passed     99.83%
  29  MG230203.1                0.82%    passed     99.53%
  30  MG230200.1                0.82%    passed     93.59%
  31  MG230224.1                0.82%    passed     96.82%
  32  MG230227.1                0.82%    passed     95.30%
  33  MG230228.1                0.82%    passed     95.30%
  34  MG230217.1                0.82%    passed     89.02%
  35  MG230235.1                0.82%    passed     92.73%
  36  MG230236.1                0.82%    passed     98.55%
  37  MG230237.1                0.82%    passed     97.45%
  38  MG230232.1_Nari__o_Cat    0.82%    passed     95.43%
  39  MG230219.1                0.82%    passed     98.40%
  40  MG230220.1                0.82%    passed     96.41%
  41  MG230222.1                0.82%    passed     96.41%
  42  MG230221.1                0.82%    passed     98.40%
  43  MG230223.1                0.82%    passed     96.66%
  44  MG230205.1                0.82%    passed     94.71%
  45  MG230212.1                0.82%    passed     91.59%
  46  MG230211.1                0.82%    passed     94.00%
  47  NC_016470.1_Puma          0.27%    passed     99.25%
  48  MG230229.1                0.82%    passed     37.64%
  49  MG230230.1                0.82%    passed     70.61%
  50  MG230231.1                0.82%    passed     78.82%
  51  MG230233.1                0.82%    passed     79.00%
  52  MG230234.1                0.82%    passed     79.00%
****  TOTAL                     0.80%  0 sequences failed composition chi2 test (p-value<5%; df=3)
NOTE: MG230198.1 is identical to MG230196.1 but kept for subsequent analysis
NOTE: MG230245.1 is identical to MG230226.1 but kept for subsequent analysis
NOTE: MG230201.1 is identical to MG230197.1 but kept for subsequent analysis
NOTE: MG230239.1 is identical to MG230238.1 but kept for subsequent analysis
NOTE: MG230208.1 is identical to MG230207.1 but kept for subsequent analysis
NOTE: MG230228.1 is identical to MG230227.1 but kept for subsequent analysis
NOTE: MG230222.1 is identical to MG230220.1 but kept for subsequent analysis
NOTE: MG230234.1 is identical to MG230233.1 but kept for subsequent analysis
NOTE: 14 identical sequences (see below) will be ignored for subsequent analysis
NOTE: MG230209.1 (identical to MG230196.1) is ignored but added at the end
NOTE: MG230216.1 (identical to MG230196.1) is ignored but added at the end
NOTE: MG230225.1 (identical to MG230196.1) is ignored but added at the end
NOTE: MG230243.1 (identical to MG230196.1) is ignored but added at the end
NOTE: MG230244.1 (identical to MG230196.1) is ignored but added at the end
NOTE: MG230204.1 (identical to MG230197.1) is ignored but added at the end
NOTE: MG230206.1 (identical to MG230197.1) is ignored but added at the end
NOTE: MG230210.1 (identical to MG230197.1) is ignored but added at the end
NOTE: MG230213.1 (identical to MG230197.1) is ignored but added at the end
NOTE: MG230218.1 (identical to MG230197.1) is ignored but added at the end
NOTE: MG230241.1 (identical to MG230197.1) is ignored but added at the end
NOTE: MG230240.1 (identical to MG230238.1) is ignored but added at the end
NOTE: MG230214.1 (identical to MG230207.1) is ignored but added at the end
NOTE: MG230215.1 (identical to MG230207.1) is ignored but added at the end

For your convenience alignment with unique sequences printed to /home/usuario/Desktop/Analisis_Final/Secuencias del artículo/Outgroup/alineamiento_outgroup_SI.fasta.uniqueseq.phy


Create initial parsimony tree by phylogenetic likelihood library (PLL)... 0.001 seconds
NOTE: ModelFinder requires 1 MB RAM!
ModelFinder will test 286 DNA models (sample size: 367) ...
 No. Model         -LnL         df  AIC          AICc         BIC
  1  JC            1472.192     73  3090.385     3127.258     3375.476
  2  JC+I          1468.874     74  3085.749     3123.763     3374.746
  3  JC+G4         1469.247     74  3086.494     3124.508     3375.491
  4  JC+I+G4       1468.896     75  3087.791     3126.967     3380.693
  5  JC+R2         1469.082     75  3088.164     3127.339     3381.066
  6  JC+R3         1469.081     77  3092.162     3133.726     3392.874
 14  F81+F         1468.663     76  3089.325     3129.684     3386.133
 15  F81+F+I       1465.570     77  3085.139     3126.703     3385.852
 16  F81+F+G4      1465.856     77  3085.712     3127.276     3386.425
 17  F81+F+I+G4    1465.609     78  3087.217     3130.009     3391.836
 18  F81+F+R2      1465.720     78  3087.440     3130.232     3392.058
 19  F81+F+R3      1465.718     80  3091.436     3136.751     3403.865
 27  K2P           1455.145     74  3058.291     3096.304     3347.287
 28  K2P+I         1451.407     75  3052.814     3091.989     3345.716
 29  K2P+G4        1451.806     75  3053.612     3092.787     3346.514
 30  K2P+I+G4      1451.407     76  3054.815     3095.173     3351.622
 31  K2P+R2        1451.643     76  3055.286     3095.644     3352.093
 32  K2P+R3        1451.643     78  3059.285     3102.077     3363.903
 40  HKY+F         1450.787     77  3055.574     3097.138     3356.287
 41  HKY+F+I       1447.277     78  3050.555     3093.346     3355.173
 42  HKY+F+G4      1447.455     78  3050.909     3093.701     3355.527
 43  HKY+F+I+G4    1447.283     79  3052.565     3096.607     3361.089
 44  HKY+F+R2      1447.352     79  3052.704     3096.746     3361.228
 45  HKY+F+R3      1447.352     81  3056.703     3103.314     3373.038
 53  TNe           1452.654     75  3055.308     3094.483     3348.210
 54  TNe+I         1448.935     76  3049.870     3090.229     3346.677
 55  TNe+G4        1449.494     76  3050.988     3091.347     3347.795
 56  TNe+I+G4      1448.937     77  3051.873     3093.437     3352.586
 57  TNe+R2        1449.271     77  3052.542     3094.106     3353.255
 58  TNe+R3        1449.269     79  3056.539     3100.580     3365.062
 66  TN+F          1447.290     78  3050.580     3093.372     3355.198
 67  TN+F+I        1443.678     79  3045.356     3089.398     3353.880
 68  TN+F+G4       1444.116     79  3046.232     3090.273     3354.755
 69  TN+F+I+G4     1443.683     80  3047.365     3092.680     3359.794
 70  TN+F+R2       1443.930     80  3047.861     3093.175     3360.290
 71  TN+F+R3       1443.929     82  3051.858     3099.787     3372.098
 79  K3P           1453.020     75  3056.040     3095.215     3348.942
 80  K3P+I         1449.327     76  3050.654     3091.013     3347.461
 81  K3P+G4        1449.678     76  3051.355     3091.714     3348.163
 82  K3P+I+G4      1449.326     77  3052.653     3094.217     3353.366
 83  K3P+R2        1449.525     77  3053.050     3094.614     3353.762
 84  K3P+R3        1449.524     79  3057.048     3101.089     3365.571
 92  K3Pu+F        1448.739     78  3053.478     3096.270     3358.096
 93  K3Pu+F+I      1445.330     79  3048.660     3092.701     3357.183
 94  K3Pu+F+G4     1445.449     79  3048.898     3092.940     3357.422
 95  K3Pu+F+I+G4   1445.337     80  3050.674     3095.989     3363.103
 96  K3Pu+F+R2     1445.362     80  3050.724     3096.039     3363.153
 97  K3Pu+F+R3     1445.362     82  3054.723     3102.653     3374.963
105  TPM2+F        1448.747     78  3053.493     3096.285     3358.111
106  TPM2+F+I      1445.294     79  3048.588     3092.629     3357.111
107  TPM2+F+G4     1445.293     79  3048.585     3092.627     3357.109
108  TPM2+F+I+G4   1445.302     80  3050.604     3095.918     3363.033
109  TPM2+F+R2     1445.239     80  3050.479     3095.793     3362.908
110  TPM2+F+R3     1445.239     82  3054.478     3102.407     3374.718
118  TPM2u+F       1448.747     78  3053.494     3096.286     3358.112
119  TPM2u+F+I     1445.294     79  3048.588     3092.630     3357.111
120  TPM2u+F+G4    1445.293     79  3048.585     3092.627     3357.109
121  TPM2u+F+I+G4  1445.301     80  3050.601     3095.916     3363.030
122  TPM2u+F+R2    1445.239     80  3050.478     3095.793     3362.907
123  TPM2u+F+R3    1445.238     82  3054.477     3102.406     3374.716
131  TPM3+F        1450.760     78  3057.520     3100.312     3362.138
132  TPM3+F+I      1447.228     79  3052.457     3096.499     3360.980
133  TPM3+F+G4     1447.405     79  3052.810     3096.852     3361.334
134  TPM3+F+I+G4   1447.229     80  3054.459     3099.774     3366.888
135  TPM3+F+R2     1447.300     80  3054.600     3099.915     3367.029
136  TPM3+F+R3     1447.299     82  3058.598     3106.528     3378.838
144  TPM3u+F       1450.760     78  3057.521     3100.313     3362.139
145  TPM3u+F+I     1447.228     79  3052.457     3096.499     3360.980
146  TPM3u+F+G4    1447.405     79  3052.810     3096.852     3361.334
147  TPM3u+F+I+G4  1447.229     80  3054.459     3099.773     3366.888
148  TPM3u+F+R2    1447.300     80  3054.599     3099.914     3367.028
149  TPM3u+F+R3    1447.299     82  3058.598     3106.528     3378.838
157  TIMe          1450.533     76  3053.065     3093.424     3349.873
158  TIMe+I        1446.861     77  3047.722     3089.286     3348.435
159  TIMe+G4       1447.370     77  3048.739     3090.303     3349.452
160  TIMe+I+G4     1446.862     78  3049.723     3092.515     3354.342
161  TIMe+R2       1447.158     78  3050.316     3093.108     3354.935
162  TIMe+R3       1447.157     80  3054.315     3099.629     3366.744
170  TIM+F         1445.238     79  3048.477     3092.519     3357.000
171  TIM+F+I       1441.730     80  3043.459     3088.774     3355.888
172  TIM+F+G4      1442.102     80  3044.204     3089.519     3356.633
173  TIM+F+I+G4    1441.733     81  3045.467     3092.077     3361.801
174  TIM+F+R2      1441.935     81  3045.869     3092.480     3362.203
175  TIM+F+R3      1441.934     83  3049.867     3099.139     3374.012
183  TIM2e         1452.063     76  3056.126     3096.485     3352.933
184  TIM2e+I       1448.474     77  3050.948     3092.512     3351.661
185  TIM2e+G4      1448.971     77  3051.942     3093.506     3352.655
186  TIM2e+I+G4    1448.476     78  3052.951     3095.743     3357.569
187  TIM2e+R2      1448.761     78  3053.521     3096.313     3358.140
188  TIM2e+R3      1448.759     80  3057.518     3102.832     3369.947
196  TIM2+F        1445.231     79  3048.462     3092.503     3356.985
197  TIM2+F+I      1441.712     80  3043.424     3088.739     3355.853
198  TIM2+F+G4     1441.986     80  3043.971     3089.286     3356.400
199  TIM2+F+I+G4   1441.716     81  3045.432     3092.043     3361.767
200  TIM2+F+R2     1441.850     81  3045.699     3092.310     3362.034
201  TIM2+F+R3     1441.848     83  3049.697     3098.969     3373.842
209  TIM3e         1452.635     76  3057.270     3097.628     3354.077
210  TIM3e+I       1448.900     77  3051.800     3093.364     3352.513
211  TIM3e+G4      1449.461     77  3052.922     3094.486     3353.635
212  TIM3e+I+G4    1448.902     78  3053.804     3096.596     3358.423
213  TIM3e+R2      1449.231     78  3054.462     3097.254     3359.080
214  TIM3e+R3      1449.228     80  3058.457     3103.772     3370.886
222  TIM3+F        1447.267     79  3052.535     3096.576     3361.058
223  TIM3+F+I      1443.636     80  3047.272     3092.586     3359.700
224  TIM3+F+G4     1444.075     80  3048.150     3093.465     3360.579
225  TIM3+F+I+G4   1443.637     81  3049.274     3095.884     3365.608
226  TIM3+F+R2     1443.884     81  3049.769     3096.379     3366.103
227  TIM3+F+R3     1443.882     83  3053.764     3103.036     3377.909
235  TVMe          1452.356     77  3058.712     3100.276     3359.425
236  TVMe+I        1448.771     78  3053.543     3096.335     3358.161
237  TVMe+G4       1449.058     78  3054.115     3096.907     3358.733
238  TVMe+I+G4     1448.772     79  3055.543     3099.585     3364.067
239  TVMe+R2       1448.917     79  3055.833     3099.875     3364.357
240  TVMe+R3       1448.915     81  3059.830     3106.441     3376.165
248  TVM+F         1446.568     80  3053.137     3098.451     3365.566
249  TVM+F+I       1443.121     81  3048.242     3094.852     3364.576
250  TVM+F+G4      1443.066     81  3048.132     3094.742     3364.466
251  TVM+F+I+G4    1443.121     82  3050.242     3098.172     3370.482
252  TVM+F+R2      1443.030     82  3050.059     3097.989     3370.299
253  TVM+F+R3      1443.029     84  3054.059     3104.697     3382.109
261  SYM           1449.875     78  3055.750     3098.542     3360.368
262  SYM+I         1446.282     79  3050.565     3094.607     3359.089
263  SYM+G4        1446.732     79  3051.463     3095.505     3359.987
264  SYM+I+G4      1446.283     80  3052.565     3097.880     3364.994
265  SYM+R2        1446.534     80  3053.068     3098.383     3365.497
266  SYM+R3        1446.532     82  3057.064     3104.994     3377.304
274  GTR+F         1443.063     81  3048.126     3094.736     3364.460
275  GTR+F+I       1439.560     82  3043.120     3091.049     3363.360
276  GTR+F+G4      1439.780     82  3043.561     3091.490     3363.800
277  GTR+F+I+G4    1439.564     83  3045.127     3094.399     3369.272
278  GTR+F+R2      1439.660     83  3045.320     3094.592     3369.465
279  GTR+F+R3      1439.659     85  3049.317     3101.346     3381.273
Akaike Information Criterion:           GTR+F+I
Corrected Akaike Information Criterion: TIM2+F+I
Bayesian Information Criterion:         K2P+I
Best-fit model: K2P+I chosen according to BIC

All model information printed to /home/usuario/Desktop/Analisis_Final/Secuencias del artículo/Outgroup/alineamiento_outgroup_SI.fasta.model.gz
CPU time for ModelFinder: 0.355 seconds (0h:0m:0s)
Wall-clock time for ModelFinder: 0.355 seconds (0h:0m:0s)

NOTE: 0 MB RAM (0 GB) is required!
Estimate model parameters (epsilon = 0.100)
1. Initial log-likelihood: -1468.967
2. Current log-likelihood: -1451.445
Optimal log-likelihood: -1451.407
Rate parameters:  A-C: 1.00000  A-G: 2.61084  A-T: 1.00000  C-G: 1.00000  C-T: 2.61084  G-T: 1.00000
Base frequencies:  A: 0.250  C: 0.250  G: 0.250  T: 0.250
Proportion of invariable sites: 0.321
Parameters optimization took 2 rounds (0.002 sec)
Computing ML distances based on estimated model parameters... 0.002 sec
Computing BIONJ tree...
0.000 seconds
Log-likelihood of BIONJ tree: -1457.527
--------------------------------------------------------------------
|             INITIALIZING CANDIDATE TREE SET                      |
--------------------------------------------------------------------
Generating 98 parsimony trees... 0.058 second
Computing log-likelihood of 98 initial trees ... 0.070 seconds
Current best score: -1451.406

Do NNI search on 20 best initial trees
Estimate model parameters (epsilon = 0.100)
BETTER TREE FOUND at iteration 1: -1451.406
BETTER TREE FOUND at iteration 4: -1451.406
BETTER TREE FOUND at iteration 7: -1451.406
BETTER TREE FOUND at iteration 8: -1451.406
BETTER TREE FOUND at iteration 9: -1451.406
Iteration 10 / LogL: -1451.407 / Time: 0h:0m:0s
Iteration 20 / LogL: -1451.469 / Time: 0h:0m:0s
Finish initializing candidate tree set (20)
Current best tree score: -1451.406 / CPU time: 0.157
Number of iterations: 20
--------------------------------------------------------------------
|               OPTIMIZING CANDIDATE TREE SET                      |
--------------------------------------------------------------------
Iteration 30 / LogL: -1466.633 / Time: 0h:0m:0s (0h:0m:0s left)
BETTER TREE FOUND at iteration 33: -1451.406
Iteration 40 / LogL: -1451.466 / Time: 0h:0m:0s (0h:0m:0s left)
BETTER TREE FOUND at iteration 41: -1451.406
BETTER TREE FOUND at iteration 49: -1451.406
Iteration 50 / LogL: -1451.406 / Time: 0h:0m:0s (0h:0m:0s left)
BETTER TREE FOUND at iteration 57: -1451.406
Iteration 60 / LogL: -1454.164 / Time: 0h:0m:0s (0h:0m:0s left)
Iteration 70 / LogL: -1452.169 / Time: 0h:0m:0s (0h:0m:0s left)
BETTER TREE FOUND at iteration 77: -1451.405
Iteration 80 / LogL: -1451.406 / Time: 0h:0m:0s (0h:0m:0s left)
Iteration 90 / LogL: -1451.468 / Time: 0h:0m:0s (0h:0m:0s left)
BETTER TREE FOUND at iteration 94: -1451.405
Iteration 100 / LogL: -1451.468 / Time: 0h:0m:0s (0h:0m:0s left)
BETTER TREE FOUND at iteration 106: -1451.405
Iteration 110 / LogL: -1451.744 / Time: 0h:0m:0s (0h:0m:0s left)
Iteration 120 / LogL: -1451.468 / Time: 0h:0m:0s (0h:0m:0s left)
BETTER TREE FOUND at iteration 122: -1451.405
Iteration 130 / LogL: -1451.405 / Time: 0h:0m:0s (0h:0m:0s left)
BETTER TREE FOUND at iteration 134: -1451.405
Iteration 140 / LogL: -1469.301 / Time: 0h:0m:0s (0h:0m:0s left)
Iteration 150 / LogL: -1451.405 / Time: 0h:0m:0s (0h:0m:0s left)
Iteration 160 / LogL: -1451.406 / Time: 0h:0m:1s (0h:0m:0s left)
Iteration 170 / LogL: -1455.822 / Time: 0h:0m:1s (0h:0m:0s left)
Iteration 180 / LogL: -1451.405 / Time: 0h:0m:1s (0h:0m:0s left)
Iteration 190 / LogL: -1462.315 / Time: 0h:0m:1s (0h:0m:0s left)
Iteration 200 / LogL: -1451.806 / Time: 0h:0m:1s (0h:0m:0s left)
Iteration 210 / LogL: -1451.468 / Time: 0h:0m:1s (0h:0m:0s left)
Iteration 220 / LogL: -1451.405 / Time: 0h:0m:1s (0h:0m:0s left)
Iteration 230 / LogL: -1454.835 / Time: 0h:0m:1s (0h:0m:0s left)
TREE SEARCH COMPLETED AFTER 235 ITERATIONS / Time: 0h:0m:1s

--------------------------------------------------------------------
|                    FINALIZING TREE SEARCH                        |
--------------------------------------------------------------------
Performs final model parameters optimization
Estimate model parameters (epsilon = 0.010)
1. Initial log-likelihood: -1451.405
Optimal log-likelihood: -1451.405
Rate parameters:  A-C: 1.00000  A-G: 2.61166  A-T: 1.00000  C-G: 1.00000  C-T: 2.61166  G-T: 1.00000
Base frequencies:  A: 0.250  C: 0.250  G: 0.250  T: 0.250
Proportion of invariable sites: 0.322
Parameters optimization took 1 rounds (0.001 sec)
BEST SCORE FOUND : -1451.405
Total tree length: 0.468

Total number of iterations: 235
CPU time used for tree search: 1.446 sec (0h:0m:1s)
Wall-clock time used for tree search: 1.446 sec (0h:0m:1s)
Total CPU time used: 1.456 sec (0h:0m:1s)
Total wall-clock time used: 1.456 sec (0h:0m:1s)

Analysis results written to: 
  IQ-TREE report:                /home/usuario/Desktop/Analisis_Final/Secuencias del artículo/Outgroup/alineamiento_outgroup_SI.fasta.iqtree
  Maximum-likelihood tree:       /home/usuario/Desktop/Analisis_Final/Secuencias del artículo/Outgroup/alineamiento_outgroup_SI.fasta.treefile
  Likelihood distances:          /home/usuario/Desktop/Analisis_Final/Secuencias del artículo/Outgroup/alineamiento_outgroup_SI.fasta.mldist
  Screen log file:               /home/usuario/Desktop/Analisis_Final/Secuencias del artículo/Outgroup/alineamiento_outgroup_SI.fasta.log

Date and Time: Tue Dec  5 16:39:27 2023
